<?xml version="1.0" encoding="UTF-8" ?>
<testsuite errors="0" failures="0" hostname="DESKTOP-Q5LB03N" name="org.ziro.HitCheckerTest" skipped="0" tests="12" time="0.086" timestamp="2026-04-25T17:49:17">
  <properties>
[...]
</properties>
  <testcase classname="org.ziro.HitCheckerTest" name="testSecondQuadrantHit" time="0.002" />
  <testcase classname="org.ziro.HitCheckerTest" name="testFirstQuadrantMiss" time="0.0" />
  <testcase classname="org.ziro.HitCheckerTest" name="testFirstQuadrantBorder" time="0.0" />
  <testcase classname="org.ziro.HitCheckerTest" name="testThirdQuadrantBorder" time="0.0" />
  <testcase classname="org.ziro.HitCheckerTest" name="testThirdQuadrantMissX" time="0.0" />
  <testcase classname="org.ziro.HitCheckerTest" name="testThirdQuadrantMissY" time="0.0" />
  <testcase classname="org.ziro.HitCheckerTest" name="testThirdQuadrantHit" time="0.0" />
  <testcase classname="org.ziro.HitCheckerTest" name="testOriginHit" time="0.0" />
  <testcase classname="org.ziro.HitCheckerTest" name="testSecondQuadrantMiss" time="0.002" />
  <testcase classname="org.ziro.HitCheckerTest" name="testFourthQuadrantMiss" time="0.0" />
  <testcase classname="org.ziro.HitCheckerTest" name="testSecondQuadrantBorder" time="0.0" />
  <testcase classname="org.ziro.HitCheckerTest" name="testFirstQuadrantHit" time="0.0" />
  <system-out><![CDATA[]]></system-out>
  <system-err><![CDATA[]]></system-err>
</testsuite>
